<?xml version="1.0" encoding="UTF-8"?>
<testng-results ignored="0" total="1" passed="1" failed="0" skipped="0">
  <reporter-output>
  </reporter-output>
  <suite started-at="2020-12-03T18:35:28 IST" name="Default suite" finished-at="2020-12-03T18:37:07 IST" duration-ms="98945">
    <groups>
    </groups>
    <test started-at="2020-12-03T18:35:28 IST" name="Default test" finished-at="2020-12-03T18:37:07 IST" duration-ms="98945">
      <class name="com.udemy.spring.springselenium.googletest.GoogleTest">
        <test-method is-config="true" signature="springTestContextBeforeTestClass()[pri:0, instance:com.udemy.spring.springselenium.googletest.GoogleTest@2ccca26f]" started-at="2020-12-03T18:35:28 IST" name="springTestContextBeforeTestClass" finished-at="2020-12-03T18:35:28 IST" duration-ms="10" status="PASS">
          <reporter-output>
          </reporter-output>
        </test-method> <!-- springTestContextBeforeTestClass -->
        <test-method is-config="true" signature="springTestContextPrepareTestInstance()[pri:0, instance:com.udemy.spring.springselenium.googletest.GoogleTest@2ccca26f]" started-at="2020-12-03T18:35:28 IST" name="springTestContextPrepareTestInstance" finished-at="2020-12-03T18:35:34 IST" depends-on-methods="org.springframework.test.context.testng.AbstractTestNGSpringContextTests.springTestContextBeforeTestClass" duration-ms="5992" status="PASS">
          <reporter-output>
          </reporter-output>
        </test-method> <!-- springTestContextPrepareTestInstance -->
        <test-method is-config="true" signature="springTestContextBeforeTestMethod(java.lang.reflect.Method)[pri:0, instance:com.udemy.spring.springselenium.googletest.GoogleTest@2ccca26f]" started-at="2020-12-03T18:35:34 IST" name="springTestContextBeforeTestMethod" finished-at="2020-12-03T18:35:34 IST" duration-ms="0" status="PASS">
          <params>
            <param index="0">
              <value>
                <![CDATA[public void com.udemy.spring.springselenium.googletest.GoogleTest.googleTest() throws java.io.IOException]]>
              </value>
            </param>
          </params>
          <reporter-output>
          </reporter-output>
        </test-method> <!-- springTestContextBeforeTestMethod -->
        <test-method signature="googleTest()[pri:0, instance:com.udemy.spring.springselenium.googletest.GoogleTest@2ccca26f]" started-at="2020-12-03T18:35:34 IST" name="googleTest" finished-at="2020-12-03T18:37:07 IST" duration-ms="92902" status="PASS">
          <reporter-output>
          </reporter-output>
        </test-method> <!-- googleTest -->
        <test-method is-config="true" signature="springTestContextAfterTestMethod(java.lang.reflect.Method)[pri:0, instance:com.udemy.spring.springselenium.googletest.GoogleTest@2ccca26f]" started-at="2020-12-03T18:37:07 IST" name="springTestContextAfterTestMethod" finished-at="2020-12-03T18:37:07 IST" duration-ms="1" status="PASS">
          <params>
            <param index="0">
              <value>
                <![CDATA[public void com.udemy.spring.springselenium.googletest.GoogleTest.googleTest() throws java.io.IOException]]>
              </value>
            </param>
          </params>
          <reporter-output>
          </reporter-output>
        </test-method> <!-- springTestContextAfterTestMethod -->
        <test-method is-config="true" signature="springTestContextAfterTestClass()[pri:0, instance:com.udemy.spring.springselenium.googletest.GoogleTest@2ccca26f]" started-at="2020-12-03T18:37:07 IST" name="springTestContextAfterTestClass" finished-at="2020-12-03T18:37:07 IST" duration-ms="1" status="PASS">
          <reporter-output>
          </reporter-output>
        </test-method> <!-- springTestContextAfterTestClass -->
      </class> <!-- com.udemy.spring.springselenium.googletest.GoogleTest -->
    </test> <!-- Default test -->
  </suite> <!-- Default suite -->
</testng-results>
